#
# There is insufficient memory for the Java Runtime Environment to continue.
# Native memory allocation (malloc) failed to allocate 131088 bytes for Chunk::new
# Possible reasons:
#   The system is out of physical RAM or swap space
#   The process is running with CompressedOops enabled, and the Java Heap may be blocking the growth of the native heap
# Possible solutions:
#   Reduce memory load on the system
#   Increase physical memory or swap space
#   Check if swap backing store is full
#   Decrease Java heap size (-Xmx/-Xms)
#   Decrease number of Java threads
#   Decrease Java thread stack sizes (-Xss)
#   Set larger code cache with -XX:ReservedCodeCacheSize=
#   JVM is running with Unscaled Compressed Oops mode in which the Java heap is
#     placed in the first 4GB address space. The Java Heap base address is the
#     maximum limit for the native heap growth. Please use -XX:HeapBaseMinAddress
#     to set the Java Heap base and to place the Java Heap above 4GB virtual address.
# This output file may be truncated or incomplete.
#
#  Out of Memory Error (arena.cpp:189), pid=1312, tid=2564
#
# JRE version: OpenJDK Runtime Environment Temurin-17.0.6+10 (17.0.6+10) (build 17.0.6+10)
# Java VM: OpenJDK 64-Bit Server VM Temurin-17.0.6+10 (17.0.6+10, mixed mode, tiered, compressed oops, compressed class ptrs, parallel gc, windows-amd64)
# No core dump will be written. Minidumps are not enabled by default on client versions of Windows
#

---------------  S U M M A R Y ------------

Command Line: --add-modules=ALL-SYSTEM --add-opens=java.base/java.util=ALL-UNNAMED --add-opens=java.base/java.lang=ALL-UNNAMED --add-opens=java.base/sun.nio.fs=ALL-UNNAMED -Declipse.application=org.eclipse.jdt.ls.core.id1 -Dosgi.bundles.defaultStartLevel=4 -Declipse.product=org.eclipse.jdt.ls.core.product -Djava.import.generatesMetadataFilesAtProjectRoot=false -Dfile.encoding=utf8 -XX:+UseParallelGC -XX:GCTimeRatio=4 -XX:AdaptiveSizePolicyWeight=90 -Dsun.zip.disableMemoryMapping=true -Xmx1G -Xms100m -Xlog:disable -javaagent:c:\Users\anish\.vscode\extensions\redhat.java-1.16.0-win32-x64\lombok\lombok-1.18.24.jar -XX:+HeapDumpOnOutOfMemoryError -XX:HeapDumpPath=c:\Users\anish\AppData\Roaming\Code\User\workspaceStorage\4ed09bacaff635c2679aac90816dd257\redhat.java c:\Users\anish\.vscode\extensions\redhat.java-1.16.0-win32-x64\server\plugins\org.eclipse.equinox.launcher_1.6.400.v20210924-0641.jar -configuration c:\Users\anish\AppData\Roaming\Code\User\globalStorage\redhat.java\1.16.0\config_win -data c:\Users\anish\AppData\Roaming\Code\User\workspaceStorage\4ed09bacaff635c2679aac90816dd257\redhat.java\jdt_ws

Host: AMD Ryzen 5 3550H with Radeon Vega Mobile Gfx  , 8 cores, 7G,  Windows 11 , 64 bit Build 22621 (10.0.22621.1344)
Time: Sun Apr  2 20:53:41 2023 India Standard Time elapsed time: 44.949302 seconds (0d 0h 0m 44s)

---------------  T H R E A D  ---------------

Current thread (0x000002382698ae20):  JavaThread "C2 CompilerThread0" daemon [_thread_in_native, id=2564, stack(0x0000004cb4600000,0x0000004cb4700000)]


Current CompileTask:
C2:  44949 5703   !   4       jdk.internal.loader.BuiltinClassLoader::loadClassOrNull (143 bytes)

Stack: [0x0000004cb4600000,0x0000004cb4700000]
Native frames: (J=compiled Java code, j=interpreted, Vv=VM code, C=native code)
V  [jvm.dll+0x67741a]
V  [jvm.dll+0x834434]
V  [jvm.dll+0x835bde]
V  [jvm.dll+0x836243]
V  [jvm.dll+0x2457b5]
V  [jvm.dll+0xabafc]
V  [jvm.dll+0xac0cc]
V  [jvm.dll+0xabc0b]
V  [jvm.dll+0x69c3e8]
V  [jvm.dll+0x1a8393]
V  [jvm.dll+0x69de3f]
V  [jvm.dll+0x3445d9]
V  [jvm.dll+0x349dc3]
V  [jvm.dll+0x33eea2]
V  [jvm.dll+0x34678c]
V  [jvm.dll+0x1a798d]
V  [jvm.dll+0x2abbb4]
V  [jvm.dll+0x68f6f7]
V  [jvm.dll+0x6877eb]
V  [jvm.dll+0x686e27]
V  [jvm.dll+0x684d22]
V  [jvm.dll+0x1a6f5c]
V  [jvm.dll+0x1a7b26]
V  [jvm.dll+0x2abbb4]
V  [jvm.dll+0x68f6f7]
V  [jvm.dll+0x6877eb]
V  [jvm.dll+0x686e27]
V  [jvm.dll+0x684d22]
V  [jvm.dll+0x1a6f5c]
V  [jvm.dll+0x1a7b26]
V  [jvm.dll+0x1a7b26]
V  [jvm.dll+0x1a7a68]
V  [jvm.dll+0x2abbb4]
V  [jvm.dll+0x68f6f7]
V  [jvm.dll+0x6877eb]
V  [jvm.dll+0x686e27]
V  [jvm.dll+0x684d22]
V  [jvm.dll+0x1a6f5c]
V  [jvm.dll+0x1a7b26]
V  [jvm.dll+0x2abbb4]
V  [jvm.dll+0x68f6f7]
V  [jvm.dll+0x6877eb]
V  [jvm.dll+0x686e27]
V  [jvm.dll+0x684d22]
V  [jvm.dll+0x1a6f5c]
V  [jvm.dll+0x2175d8]
V  [jvm.dll+0x1a3d0d]
V  [jvm.dll+0x22742a]
V  [jvm.dll+0x225565]
V  [jvm.dll+0x7ea2cb]
V  [jvm.dll+0x7e483a]
V  [jvm.dll+0x6762c5]
C  [ucrtbase.dll+0x29363]
C  [KERNEL32.DLL+0x126bd]
C  [ntdll.dll+0x5a9f8]


---------------  P R O C E S S  ---------------

Threads class SMR info:
_java_thread_list=0x0000023827a73990, length=32, elements={
0x0000023810faea80, 0x0000023824e24d20, 0x0000023824e27190, 0x0000023826986510,
0x0000023826986dd0, 0x0000023826989790, 0x000002382698a140, 0x000002382698ae20,
0x00000238269e9690, 0x00000238269ea2a0, 0x0000023826b0d3f0, 0x0000023826c70450,
0x0000023827d73490, 0x0000023826d19300, 0x0000023826d1b990, 0x0000023827b10470,
0x0000023827b3cdb0, 0x0000023827fb8c40, 0x0000023827fb7dd0, 0x0000023827fb8770,
0x0000023827fba450, 0x0000023827fb9110, 0x0000023827fb9ab0, 0x0000023827fb82a0,
0x0000023827fbadf0, 0x0000023827fb95e0, 0x0000023827fb9f80, 0x0000023827fba920,
0x000002382ccf5da0, 0x000002382ccf88f0, 0x000002382ccf3bf0, 0x000002382ccf4590
}

Java Threads: ( => current thread )
  0x0000023810faea80 JavaThread "main" [_thread_blocked, id=19920, stack(0x0000004cb3d00000,0x0000004cb3e00000)]
  0x0000023824e24d20 JavaThread "Reference Handler" daemon [_thread_blocked, id=9280, stack(0x0000004cb4000000,0x0000004cb4100000)]
  0x0000023824e27190 JavaThread "Finalizer" daemon [_thread_blocked, id=10132, stack(0x0000004cb4100000,0x0000004cb4200000)]
  0x0000023826986510 JavaThread "Signal Dispatcher" daemon [_thread_blocked, id=1124, stack(0x0000004cb4200000,0x0000004cb4300000)]
  0x0000023826986dd0 JavaThread "Attach Listener" daemon [_thread_blocked, id=19144, stack(0x0000004cb4300000,0x0000004cb4400000)]
  0x0000023826989790 JavaThread "Service Thread" daemon [_thread_blocked, id=19604, stack(0x0000004cb4400000,0x0000004cb4500000)]
  0x000002382698a140 JavaThread "Monitor Deflation Thread" daemon [_thread_blocked, id=18108, stack(0x0000004cb4500000,0x0000004cb4600000)]
=>0x000002382698ae20 JavaThread "C2 CompilerThread0" daemon [_thread_in_native, id=2564, stack(0x0000004cb4600000,0x0000004cb4700000)]
  0x00000238269e9690 JavaThread "C1 CompilerThread0" daemon [_thread_blocked, id=19592, stack(0x0000004cb4700000,0x0000004cb4800000)]
  0x00000238269ea2a0 JavaThread "Sweeper thread" daemon [_thread_blocked, id=6572, stack(0x0000004cb4800000,0x0000004cb4900000)]
  0x0000023826b0d3f0 JavaThread "Common-Cleaner" daemon [_thread_blocked, id=1624, stack(0x0000004cb4900000,0x0000004cb4a00000)]
  0x0000023826c70450 JavaThread "Notification Thread" daemon [_thread_blocked, id=3348, stack(0x0000004cb4a00000,0x0000004cb4b00000)]
  0x0000023827d73490 JavaThread "Active Thread: Equinox Container: c8e1d1dd-337b-453a-afdf-a80f9ed813b6" [_thread_blocked, id=20400, stack(0x0000004cb5200000,0x0000004cb5300000)]
  0x0000023826d19300 JavaThread "Framework Event Dispatcher: Equinox Container: c8e1d1dd-337b-453a-afdf-a80f9ed813b6" daemon [_thread_blocked, id=8604, stack(0x0000004cb5300000,0x0000004cb5400000)]
  0x0000023826d1b990 JavaThread "Start Level: Equinox Container: c8e1d1dd-337b-453a-afdf-a80f9ed813b6" daemon [_thread_blocked, id=7932, stack(0x0000004cb5400000,0x0000004cb5500000)]
  0x0000023827b10470 JavaThread "SCR Component Actor" daemon [_thread_blocked, id=8340, stack(0x0000004cb5500000,0x0000004cb5600000)]
  0x0000023827b3cdb0 JavaThread "Worker-JM" [_thread_blocked, id=19996, stack(0x0000004cb5800000,0x0000004cb5900000)]
  0x0000023827fb8c40 JavaThread "Worker-0" [_thread_blocked, id=4948, stack(0x0000004cb5900000,0x0000004cb5a00000)]
  0x0000023827fb7dd0 JavaThread "Worker-1: Initialize Workspace" [_thread_blocked, id=9932, stack(0x0000004cb5a00000,0x0000004cb5b00000)]
  0x0000023827fb8770 JavaThread "Java indexing" daemon [_thread_blocked, id=8784, stack(0x0000004cb5b00000,0x0000004cb5c00000)]
  0x0000023827fba450 JavaThread "Worker-2" [_thread_blocked, id=13628, stack(0x0000004cb5c00000,0x0000004cb5d00000)]
  0x0000023827fb9110 JavaThread "Worker-3" [_thread_blocked, id=18448, stack(0x0000004cb5d00000,0x0000004cb5e00000)]
  0x0000023827fb9ab0 JavaThread "JNA Cleaner" daemon [_thread_blocked, id=1616, stack(0x0000004cb5e00000,0x0000004cb5f00000)]
  0x0000023827fb82a0 JavaThread "pool-2-thread-1" [_thread_blocked, id=12192, stack(0x0000004cb5f00000,0x0000004cb6000000)]
  0x0000023827fbadf0 JavaThread "pool-1-thread-1" [_thread_blocked, id=1800, stack(0x0000004cb6000000,0x0000004cb6100000)]
  0x0000023827fb95e0 JavaThread "Timer-0" [_thread_blocked, id=16424, stack(0x0000004cb5700000,0x0000004cb5800000)]
  0x0000023827fb9f80 JavaThread "Connection worker" [_thread_in_native, id=320, stack(0x0000004cb6100000,0x0000004cb6200000)]
  0x0000023827fba920 JavaThread "Exec process" [_thread_blocked, id=8540, stack(0x0000004cb6200000,0x0000004cb6300000)]
  0x000002382ccf5da0 JavaThread "Exec process Thread 2" [_thread_blocked, id=9472, stack(0x0000004cb6300000,0x0000004cb6400000)]
  0x000002382ccf88f0 JavaThread "Exec process Thread 3" [_thread_blocked, id=2628, stack(0x0000004cb6400000,0x0000004cb6500000)]
  0x000002382ccf3bf0 JavaThread "pool-3-thread-1" [_thread_blocked, id=17984, stack(0x0000004cb6500000,0x0000004cb6600000)]
  0x000002382ccf4590 JavaThread "Forward input" [_thread_blocked, id=6960, stack(0x0000004cb6700000,0x0000004cb6800000)]

Other Threads:
  0x0000023811065c30 VMThread "VM Thread" [stack: 0x0000004cb3f00000,0x0000004cb4000000] [id=18604]
  0x0000023826c70920 WatcherThread [stack: 0x0000004cb4b00000,0x0000004cb4c00000] [id=4500]
  0x0000023810fc4510 GCTaskThread "GC Thread#0" [stack: 0x0000004cb3e00000,0x0000004cb3f00000] [id=13572]
  0x0000023827d3d430 GCTaskThread "GC Thread#1" [stack: 0x0000004cb4c00000,0x0000004cb4d00000] [id=17204]
  0x0000023827d3d6e0 GCTaskThread "GC Thread#2" [stack: 0x0000004cb4d00000,0x0000004cb4e00000] [id=18752]
  0x0000023827d3dd90 GCTaskThread "GC Thread#3" [stack: 0x0000004cb4e00000,0x0000004cb4f00000] [id=944]
  0x0000023827ce6d90 GCTaskThread "GC Thread#4" [stack: 0x0000004cb4f00000,0x0000004cb5000000] [id=16164]
  0x0000023827ce7040 GCTaskThread "GC Thread#5" [stack: 0x0000004cb5000000,0x0000004cb5100000] [id=5260]
  0x0000023827ce72f0 GCTaskThread "GC Thread#6" [stack: 0x0000004cb5100000,0x0000004cb5200000] [id=15504]
  0x0000023827e83020 GCTaskThread "GC Thread#7" [stack: 0x0000004cb5600000,0x0000004cb5700000] [id=5348]

Threads with active compile tasks:
C2 CompilerThread0    45016 5703   !   4       jdk.internal.loader.BuiltinClassLoader::loadClassOrNull (143 bytes)

VM state: not at safepoint (normal execution)

VM Mutex/Monitor currently owned by a thread: None

Heap address: 0x00000000c0000000, size: 1024 MB, Compressed Oops mode: 32-bit

CDS archive(s) not mapped
Compressed class space mapped at: 0x0000000100000000-0x0000000140000000, reserved size: 1073741824
Narrow klass base: 0x0000000000000000, Narrow klass shift: 3, Narrow klass range: 0x140000000

GC Precious Log:
 CPUs: 8 total, 8 available
 Memory: 7617M
 Large Page Support: Disabled
 NUMA Support: Disabled
 Compressed Oops: Enabled (32-bit)
 Alignments: Space 512K, Generation 512K, Heap 2M
 Heap Min Capacity: 100M
 Heap Initial Capacity: 100M
 Heap Max Capacity: 1G
 Pre-touch: Disabled
 Parallel Workers: 8

Heap:
 PSYoungGen      total 19968K, used 9142K [0x00000000eab00000, 0x00000000ec680000, 0x0000000100000000)
  eden space 19456K, 44% used [0x00000000eab00000,0x00000000eb36dbe0,0x00000000ebe00000)
  from space 512K, 100% used [0x00000000ec600000,0x00000000ec680000,0x00000000ec680000)
  to   space 1024K, 0% used [0x00000000ec480000,0x00000000ec480000,0x00000000ec580000)
 ParOldGen       total 68608K, used 42602K [0x00000000c0000000, 0x00000000c4300000, 0x00000000eab00000)
  object space 68608K, 62% used [0x00000000c0000000,0x00000000c299a990,0x00000000c4300000)
 Metaspace       used 56129K, committed 57088K, reserved 1105920K
  class space    used 6553K, committed 6976K, reserved 1048576K

Card table byte_map: [0x0000023810970000,0x0000023810b80000] _byte_map_base: 0x0000023810370000

Marking Bits: (ParMarkBitMap*) 0x00007fff5ad33e70
 Begin Bits: [0x0000023822c30000, 0x0000023823c30000)
 End Bits:   [0x0000023823c30000, 0x0000023824c30000)

Polling page: 0x000002380f140000

Metaspace:

Usage:
  Non-class:     48.41 MB used.
      Class:      6.40 MB used.
       Both:     54.81 MB used.

Virtual space:
  Non-class space:       56.00 MB reserved,      48.94 MB ( 87%) committed,  7 nodes.
      Class space:        1.00 GB reserved,       6.81 MB ( <1%) committed,  1 nodes.
             Both:        1.05 GB reserved,      55.75 MB (  5%) committed. 

Chunk freelists:
   Non-Class:  2.36 MB
       Class:  1.16 MB
        Both:  3.51 MB

MaxMetaspaceSize: unlimited
CompressedClassSpaceSize: 1.00 GB
Initial GC threshold: 21.00 MB
Current GC threshold: 58.38 MB
CDS: off
MetaspaceReclaimPolicy: balanced
 - commit_granule_bytes: 65536.
 - commit_granule_words: 8192.
 - virtual_space_node_default_size: 1048576.
 - enlarge_chunks_in_place: 1.
 - new_chunks_are_fully_committed: 0.
 - uncommit_free_chunks: 1.
 - use_allocation_guard: 0.
 - handle_deallocations: 1.


Internal statistics:

num_allocs_failed_limit: 6.
num_arena_births: 460.
num_arena_deaths: 14.
num_vsnodes_births: 8.
num_vsnodes_deaths: 0.
num_space_committed: 892.
num_space_uncommitted: 0.
num_chunks_returned_to_freelist: 20.
num_chunks_taken_from_freelist: 2542.
num_chunk_merges: 7.
num_chunk_splits: 1629.
num_chunks_enlarged: 1007.
num_purges: 2.
num_inconsistent_stats: 0.

CodeHeap 'non-profiled nmethods': size=120000Kb used=2496Kb max_used=2639Kb free=117503Kb
 bounds [0x000002381b700000, 0x000002381b9b0000, 0x0000023822c30000]
CodeHeap 'profiled nmethods': size=120000Kb used=8406Kb max_used=10332Kb free=111593Kb
 bounds [0x0000023813c30000, 0x0000023814650000, 0x000002381b160000]
CodeHeap 'non-nmethods': size=5760Kb used=1296Kb max_used=1340Kb free=4463Kb
 bounds [0x000002381b160000, 0x000002381b3d0000, 0x000002381b700000]
 total_blobs=5445 nmethods=4818 adapters=541
 compilation: enabled
              stopped_count=0, restarted_count=0
 full_count=0

Compilation events (20 events):
Event: 44.909 Thread 0x00000238269e9690 5705       3       java.lang.NoSuchMethodException::<init> (6 bytes)
Event: 44.910 Thread 0x00000238269e9690 nmethod 5705 0x0000023814544690 code [0x0000023814544840, 0x0000023814544a48]
Event: 44.915 Thread 0x00000238269e9690 5706       3       java.lang.Class::getDeclaredMethod (63 bytes)
Event: 44.916 Thread 0x00000238269e9690 nmethod 5706 0x0000023813c89190 code [0x0000023813c89460, 0x0000023813c8a058]
Event: 44.916 Thread 0x000002382698ae20 nmethod 5704 0x000002381b7e9810 code [0x000002381b7e99c0, 0x000002381b7ea098]
Event: 44.916 Thread 0x000002382698ae20 5703   !   4       jdk.internal.loader.BuiltinClassLoader::loadClassOrNull (143 bytes)
Event: 44.923 Thread 0x00000238269e9690 5707       3       java.lang.ClassValue$Entry::value (9 bytes)
Event: 44.923 Thread 0x00000238269e9690 nmethod 5707 0x00000238145bcb90 code [0x00000238145bcd20, 0x00000238145bce98]
Event: 44.923 Thread 0x00000238269e9690 5708       3       java.lang.ClassValue$Entry::assertNotPromise (22 bytes)
Event: 44.923 Thread 0x00000238269e9690 nmethod 5708 0x000002381453c510 code [0x000002381453c6a0, 0x000002381453c7b8]
Event: 44.924 Thread 0x00000238269e9690 5710       3       jdk.internal.reflect.AccessorGenerator::add (5 bytes)
Event: 44.924 Thread 0x00000238269e9690 nmethod 5710 0x0000023813ef5510 code [0x0000023813ef56a0, 0x0000023813ef5798]
Event: 44.927 Thread 0x00000238269e9690 5712       3       java.nio.channels.spi.AbstractSelector::isOpen (13 bytes)
Event: 44.927 Thread 0x00000238269e9690 nmethod 5712 0x000002381453cc10 code [0x000002381453cda0, 0x000002381453cf18]
Event: 44.927 Thread 0x00000238269e9690 5713   !   3       sun.nio.ch.SelectorImpl::processDeregisterQueue (145 bytes)
Event: 44.928 Thread 0x00000238269e9690 nmethod 5713 0x0000023813d81f10 code [0x0000023813d821a0, 0x0000023813d83158]
Event: 44.928 Thread 0x00000238269e9690 5711       1       sun.nio.ch.SelectionKeyImpl::nioInterestOps (5 bytes)
Event: 44.928 Thread 0x00000238269e9690 nmethod 5711 0x000002381b83a490 code [0x000002381b83a620, 0x000002381b83a6f8]
Event: 44.928 Thread 0x00000238269e9690 5714       1       sun.nio.ch.SelectionKeyImpl::nioReadyOps (6 bytes)
Event: 44.928 Thread 0x00000238269e9690 nmethod 5714 0x000002381b825690 code [0x000002381b825820, 0x000002381b8258f8]

GC Heap History (20 events):
Event: 16.021 GC heap before
{Heap before GC invocations=17 (full 2):
 PSYoungGen      total 24064K, used 23744K [0x00000000eab00000, 0x00000000ec500000, 0x0000000100000000)
  eden space 21504K, 100% used [0x00000000eab00000,0x00000000ec000000,0x00000000ec000000)
  from space 2560K, 87% used [0x00000000ec280000,0x00000000ec4b0010,0x00000000ec500000)
  to   space 2560K, 0% used [0x00000000ec000000,0x00000000ec000000,0x00000000ec280000)
 ParOldGen       total 68608K, used 17572K [0x00000000c0000000, 0x00000000c4300000, 0x00000000eab00000)
  object space 68608K, 25% used [0x00000000c0000000,0x00000000c1129030,0x00000000c4300000)
 Metaspace       used 46742K, committed 47552K, reserved 1097728K
  class space    used 5058K, committed 5440K, reserved 1048576K
}
Event: 16.024 GC heap after
{Heap after GC invocations=17 (full 2):
 PSYoungGen      total 24064K, used 2528K [0x00000000eab00000, 0x00000000eca00000, 0x0000000100000000)
  eden space 21504K, 0% used [0x00000000eab00000,0x00000000eab00000,0x00000000ec000000)
  from space 2560K, 98% used [0x00000000ec000000,0x00000000ec278020,0x00000000ec280000)
  to   space 5120K, 0% used [0x00000000ec500000,0x00000000ec500000,0x00000000eca00000)
 ParOldGen       total 68608K, used 19676K [0x00000000c0000000, 0x00000000c4300000, 0x00000000eab00000)
  object space 68608K, 28% used [0x00000000c0000000,0x00000000c1337030,0x00000000c4300000)
 Metaspace       used 46742K, committed 47552K, reserved 1097728K
  class space    used 5058K, committed 5440K, reserved 1048576K
}
Event: 16.122 GC heap before
{Heap before GC invocations=18 (full 2):
 PSYoungGen      total 24064K, used 24032K [0x00000000eab00000, 0x00000000eca00000, 0x0000000100000000)
  eden space 21504K, 100% used [0x00000000eab00000,0x00000000ec000000,0x00000000ec000000)
  from space 2560K, 98% used [0x00000000ec000000,0x00000000ec278020,0x00000000ec280000)
  to   space 5120K, 0% used [0x00000000ec500000,0x00000000ec500000,0x00000000eca00000)
 ParOldGen       total 68608K, used 19676K [0x00000000c0000000, 0x00000000c4300000, 0x00000000eab00000)
  object space 68608K, 28% used [0x00000000c0000000,0x00000000c1337030,0x00000000c4300000)
 Metaspace       used 46749K, committed 47552K, reserved 1097728K
  class space    used 5058K, committed 5440K, reserved 1048576K
}
Event: 16.125 GC heap after
{Heap after GC invocations=18 (full 2):
 PSYoungGen      total 24064K, used 2336K [0x00000000eab00000, 0x00000000ec780000, 0x0000000100000000)
  eden space 21504K, 0% used [0x00000000eab00000,0x00000000eab00000,0x00000000ec000000)
  from space 2560K, 91% used [0x00000000ec500000,0x00000000ec748000,0x00000000ec780000)
  to   space 3584K, 0% used [0x00000000ec080000,0x00000000ec080000,0x00000000ec400000)
 ParOldGen       total 68608K, used 22207K [0x00000000c0000000, 0x00000000c4300000, 0x00000000eab00000)
  object space 68608K, 32% used [0x00000000c0000000,0x00000000c15aff68,0x00000000c4300000)
 Metaspace       used 46749K, committed 47552K, reserved 1097728K
  class space    used 5058K, committed 5440K, reserved 1048576K
}
Event: 16.289 GC heap before
{Heap before GC invocations=19 (full 2):
 PSYoungGen      total 24064K, used 23840K [0x00000000eab00000, 0x00000000ec780000, 0x0000000100000000)
  eden space 21504K, 100% used [0x00000000eab00000,0x00000000ec000000,0x00000000ec000000)
  from space 2560K, 91% used [0x00000000ec500000,0x00000000ec748000,0x00000000ec780000)
  to   space 3584K, 0% used [0x00000000ec080000,0x00000000ec080000,0x00000000ec400000)
 ParOldGen       total 68608K, used 22207K [0x00000000c0000000, 0x00000000c4300000, 0x00000000eab00000)
  object space 68608K, 32% used [0x00000000c0000000,0x00000000c15aff68,0x00000000c4300000)
 Metaspace       used 46750K, committed 47552K, reserved 1097728K
  class space    used 5058K, committed 5440K, reserved 1048576K
}
Event: 16.293 GC heap after
{Heap after GC invocations=19 (full 2):
 PSYoungGen      total 24576K, used 2656K [0x00000000eab00000, 0x00000000ec600000, 0x0000000100000000)
  eden space 21504K, 0% used [0x00000000eab00000,0x00000000eab00000,0x00000000ec000000)
  from space 3072K, 86% used [0x00000000ec080000,0x00000000ec318010,0x00000000ec380000)
  to   space 2560K, 0% used [0x00000000ec380000,0x00000000ec380000,0x00000000ec600000)
 ParOldGen       total 68608K, used 24439K [0x00000000c0000000, 0x00000000c4300000, 0x00000000eab00000)
  object space 68608K, 35% used [0x00000000c0000000,0x00000000c17ddf68,0x00000000c4300000)
 Metaspace       used 46750K, committed 47552K, reserved 1097728K
  class space    used 5058K, committed 5440K, reserved 1048576K
}
Event: 16.652 GC heap before
{Heap before GC invocations=20 (full 2):
 PSYoungGen      total 24576K, used 24160K [0x00000000eab00000, 0x00000000ec600000, 0x0000000100000000)
  eden space 21504K, 100% used [0x00000000eab00000,0x00000000ec000000,0x00000000ec000000)
  from space 3072K, 86% used [0x00000000ec080000,0x00000000ec318010,0x00000000ec380000)
  to   space 2560K, 0% used [0x00000000ec380000,0x00000000ec380000,0x00000000ec600000)
 ParOldGen       total 68608K, used 24439K [0x00000000c0000000, 0x00000000c4300000, 0x00000000eab00000)
  object space 68608K, 35% used [0x00000000c0000000,0x00000000c17ddf68,0x00000000c4300000)
 Metaspace       used 47262K, committed 48128K, reserved 1097728K
  class space    used 5115K, committed 5504K, reserved 1048576K
}
Event: 16.657 GC heap after
{Heap after GC invocations=20 (full 2):
 PSYoungGen      total 22016K, used 2560K [0x00000000eab00000, 0x00000000ecb00000, 0x0000000100000000)
  eden space 19456K, 0% used [0x00000000eab00000,0x00000000eab00000,0x00000000ebe00000)
  from space 2560K, 100% used [0x00000000ec380000,0x00000000ec600000,0x00000000ec600000)
  to   space 5632K, 0% used [0x00000000ebe00000,0x00000000ebe00000,0x00000000ec380000)
 ParOldGen       total 68608K, used 27023K [0x00000000c0000000, 0x00000000c4300000, 0x00000000eab00000)
  object space 68608K, 39% used [0x00000000c0000000,0x00000000c1a63f78,0x00000000c4300000)
 Metaspace       used 47262K, committed 48128K, reserved 1097728K
  class space    used 5115K, committed 5504K, reserved 1048576K
}
Event: 17.450 GC heap before
{Heap before GC invocations=21 (full 2):
 PSYoungGen      total 22016K, used 22016K [0x00000000eab00000, 0x00000000ecb00000, 0x0000000100000000)
  eden space 19456K, 100% used [0x00000000eab00000,0x00000000ebe00000,0x00000000ebe00000)
  from space 2560K, 100% used [0x00000000ec380000,0x00000000ec600000,0x00000000ec600000)
  to   space 5632K, 0% used [0x00000000ebe00000,0x00000000ebe00000,0x00000000ec380000)
 ParOldGen       total 68608K, used 27023K [0x00000000c0000000, 0x00000000c4300000, 0x00000000eab00000)
  object space 68608K, 39% used [0x00000000c0000000,0x00000000c1a63f78,0x00000000c4300000)
 Metaspace       used 48517K, committed 49344K, reserved 1097728K
  class space    used 5333K, committed 5696K, reserved 1048576K
}
Event: 17.456 GC heap after
{Heap after GC invocations=21 (full 2):
 PSYoungGen      total 25088K, used 5627K [0x00000000eab00000, 0x00000000ed400000, 0x0000000100000000)
  eden space 19456K, 0% used [0x00000000eab00000,0x00000000eab00000,0x00000000ebe00000)
  from space 5632K, 99% used [0x00000000ebe00000,0x00000000ec37ec30,0x00000000ec380000)
  to   space 11264K, 0% used [0x00000000ec900000,0x00000000ec900000,0x00000000ed400000)
 ParOldGen       total 68608K, used 31479K [0x00000000c0000000, 0x00000000c4300000, 0x00000000eab00000)
  object space 68608K, 45% used [0x00000000c0000000,0x00000000c1ebdeb0,0x00000000c4300000)
 Metaspace       used 48517K, committed 49344K, reserved 1097728K
  class space    used 5333K, committed 5696K, reserved 1048576K
}
Event: 18.323 GC heap before
{Heap before GC invocations=22 (full 2):
 PSYoungGen      total 25088K, used 25083K [0x00000000eab00000, 0x00000000ed400000, 0x0000000100000000)
  eden space 19456K, 100% used [0x00000000eab00000,0x00000000ebe00000,0x00000000ebe00000)
  from space 5632K, 99% used [0x00000000ebe00000,0x00000000ec37ec30,0x00000000ec380000)
  to   space 11264K, 0% used [0x00000000ec900000,0x00000000ec900000,0x00000000ed400000)
 ParOldGen       total 68608K, used 31479K [0x00000000c0000000, 0x00000000c4300000, 0x00000000eab00000)
  object space 68608K, 45% used [0x00000000c0000000,0x00000000c1ebdeb0,0x00000000c4300000)
 Metaspace       used 50223K, committed 51008K, reserved 1097728K
  class space    used 5620K, committed 6016K, reserved 1048576K
}
Event: 18.327 GC heap after
{Heap after GC invocations=22 (full 2):
 PSYoungGen      total 20480K, used 736K [0x00000000eab00000, 0x00000000eca00000, 0x0000000100000000)
  eden space 19456K, 0% used [0x00000000eab00000,0x00000000eab00000,0x00000000ebe00000)
  from space 1024K, 71% used [0x00000000ec900000,0x00000000ec9b8000,0x00000000eca00000)
  to   space 4608K, 0% used [0x00000000ec100000,0x00000000ec100000,0x00000000ec580000)
 ParOldGen       total 68608K, used 37040K [0x00000000c0000000, 0x00000000c4300000, 0x00000000eab00000)
  object space 68608K, 53% used [0x00000000c0000000,0x00000000c242c258,0x00000000c4300000)
 Metaspace       used 50223K, committed 51008K, reserved 1097728K
  class space    used 5620K, committed 6016K, reserved 1048576K
}
Event: 19.179 GC heap before
{Heap before GC invocations=23 (full 2):
 PSYoungGen      total 20480K, used 20192K [0x00000000eab00000, 0x00000000eca00000, 0x0000000100000000)
  eden space 19456K, 100% used [0x00000000eab00000,0x00000000ebe00000,0x00000000ebe00000)
  from space 1024K, 71% used [0x00000000ec900000,0x00000000ec9b8000,0x00000000eca00000)
  to   space 4608K, 0% used [0x00000000ec100000,0x00000000ec100000,0x00000000ec580000)
 ParOldGen       total 68608K, used 37040K [0x00000000c0000000, 0x00000000c4300000, 0x00000000eab00000)
  object space 68608K, 53% used [0x00000000c0000000,0x00000000c242c258,0x00000000c4300000)
 Metaspace       used 50250K, committed 51072K, reserved 1097728K
  class space    used 5620K, committed 6016K, reserved 1048576K
}
Event: 19.181 GC heap after
{Heap after GC invocations=23 (full 2):
 PSYoungGen      total 24064K, used 1254K [0x00000000eab00000, 0x00000000ec980000, 0x0000000100000000)
  eden space 19456K, 0% used [0x00000000eab00000,0x00000000eab00000,0x00000000ebe00000)
  from space 4608K, 27% used [0x00000000ec100000,0x00000000ec239938,0x00000000ec580000)
  to   space 2048K, 0% used [0x00000000ec780000,0x00000000ec780000,0x00000000ec980000)
 ParOldGen       total 68608K, used 37617K [0x00000000c0000000, 0x00000000c4300000, 0x00000000eab00000)
  object space 68608K, 54% used [0x00000000c0000000,0x00000000c24bc5f8,0x00000000c4300000)
 Metaspace       used 50250K, committed 51072K, reserved 1097728K
  class space    used 5620K, committed 6016K, reserved 1048576K
}
Event: 20.062 GC heap before
{Heap before GC invocations=24 (full 2):
 PSYoungGen      total 24064K, used 20710K [0x00000000eab00000, 0x00000000ec980000, 0x0000000100000000)
  eden space 19456K, 100% used [0x00000000eab00000,0x00000000ebe00000,0x00000000ebe00000)
  from space 4608K, 27% used [0x00000000ec100000,0x00000000ec239938,0x00000000ec580000)
  to   space 2048K, 0% used [0x00000000ec780000,0x00000000ec780000,0x00000000ec980000)
 ParOldGen       total 68608K, used 37617K [0x00000000c0000000, 0x00000000c4300000, 0x00000000eab00000)
  object space 68608K, 54% used [0x00000000c0000000,0x00000000c24bc5f8,0x00000000c4300000)
 Metaspace       used 50936K, committed 51776K, reserved 1097728K
  class space    used 5772K, committed 6144K, reserved 1048576K
}
Event: 20.066 GC heap after
{Heap after GC invocations=24 (full 2):
 PSYoungGen      total 21504K, used 2040K [0x00000000eab00000, 0x00000000ec980000, 0x0000000100000000)
  eden space 19456K, 0% used [0x00000000eab00000,0x00000000eab00000,0x00000000ebe00000)
  from space 2048K, 99% used [0x00000000ec780000,0x00000000ec97e118,0x00000000ec980000)
  to   space 5632K, 0% used [0x00000000ebe80000,0x00000000ebe80000,0x00000000ec400000)
 ParOldGen       total 68608K, used 40120K [0x00000000c0000000, 0x00000000c4300000, 0x00000000eab00000)
  object space 68608K, 58% used [0x00000000c0000000,0x00000000c272e280,0x00000000c4300000)
 Metaspace       used 50936K, committed 51776K, reserved 1097728K
  class space    used 5772K, committed 6144K, reserved 1048576K
}
Event: 20.644 GC heap before
{Heap before GC invocations=25 (full 2):
 PSYoungGen      total 21504K, used 21496K [0x00000000eab00000, 0x00000000ec980000, 0x0000000100000000)
  eden space 19456K, 100% used [0x00000000eab00000,0x00000000ebe00000,0x00000000ebe00000)
  from space 2048K, 99% used [0x00000000ec780000,0x00000000ec97e118,0x00000000ec980000)
  to   space 5632K, 0% used [0x00000000ebe80000,0x00000000ebe80000,0x00000000ec400000)
 ParOldGen       total 68608K, used 40120K [0x00000000c0000000, 0x00000000c4300000, 0x00000000eab00000)
  object space 68608K, 58% used [0x00000000c0000000,0x00000000c272e280,0x00000000c4300000)
 Metaspace       used 53109K, committed 54016K, reserved 1097728K
  class space    used 6148K, committed 6592K, reserved 1048576K
}
Event: 20.647 GC heap after
{Heap after GC invocations=25 (full 2):
 PSYoungGen      total 25088K, used 544K [0x00000000eab00000, 0x00000000ec800000, 0x0000000100000000)
  eden space 19456K, 0% used [0x00000000eab00000,0x00000000eab00000,0x00000000ebe00000)
  from space 5632K, 9% used [0x00000000ebe80000,0x00000000ebf08000,0x00000000ec400000)
  to   space 2048K, 0% used [0x00000000ec600000,0x00000000ec600000,0x00000000ec800000)
 ParOldGen       total 68608K, used 42130K [0x00000000c0000000, 0x00000000c4300000, 0x00000000eab00000)
  object space 68608K, 61% used [0x00000000c0000000,0x00000000c2924990,0x00000000c4300000)
 Metaspace       used 53109K, committed 54016K, reserved 1097728K
  class space    used 6148K, committed 6592K, reserved 1048576K
}
Event: 31.405 GC heap before
{Heap before GC invocations=26 (full 2):
 PSYoungGen      total 25088K, used 20000K [0x00000000eab00000, 0x00000000ec800000, 0x0000000100000000)
  eden space 19456K, 100% used [0x00000000eab00000,0x00000000ebe00000,0x00000000ebe00000)
  from space 5632K, 9% used [0x00000000ebe80000,0x00000000ebf08000,0x00000000ec400000)
  to   space 2048K, 0% used [0x00000000ec600000,0x00000000ec600000,0x00000000ec800000)
 ParOldGen       total 68608K, used 42130K [0x00000000c0000000, 0x00000000c4300000, 0x00000000eab00000)
  object space 68608K, 61% used [0x00000000c0000000,0x00000000c2924990,0x00000000c4300000)
 Metaspace       used 55275K, committed 56192K, reserved 1105920K
  class space    used 6438K, committed 6848K, reserved 1048576K
}
Event: 31.407 GC heap after
{Heap after GC invocations=26 (full 2):
 PSYoungGen      total 19968K, used 512K [0x00000000eab00000, 0x00000000ec680000, 0x0000000100000000)
  eden space 19456K, 0% used [0x00000000eab00000,0x00000000eab00000,0x00000000ebe00000)
  from space 512K, 100% used [0x00000000ec600000,0x00000000ec680000,0x00000000ec680000)
  to   space 1024K, 0% used [0x00000000ec480000,0x00000000ec480000,0x00000000ec580000)
 ParOldGen       total 68608K, used 42602K [0x00000000c0000000, 0x00000000c4300000, 0x00000000eab00000)
  object space 68608K, 62% used [0x00000000c0000000,0x00000000c299a990,0x00000000c4300000)
 Metaspace       used 55275K, committed 56192K, reserved 1105920K
  class space    used 6438K, committed 6848K, reserved 1048576K
}

Dll operation events (14 events):
Event: 0.024 Loaded shared library c:\Users\anish\.vscode\extensions\redhat.java-1.16.0-win32-x64\jre\17.0.6-win32-x86_64\bin\java.dll
Event: 0.468 Loaded shared library c:\Users\anish\.vscode\extensions\redhat.java-1.16.0-win32-x64\jre\17.0.6-win32-x86_64\bin\zip.dll
Event: 0.474 Loaded shared library C:\Users\anish\.vscode\extensions\redhat.java-1.16.0-win32-x64\jre\17.0.6-win32-x86_64\bin\instrument.dll
Event: 0.501 Loaded shared library C:\Users\anish\.vscode\extensions\redhat.java-1.16.0-win32-x64\jre\17.0.6-win32-x86_64\bin\net.dll
Event: 0.504 Loaded shared library C:\Users\anish\.vscode\extensions\redhat.java-1.16.0-win32-x64\jre\17.0.6-win32-x86_64\bin\nio.dll
Event: 0.530 Loaded shared library C:\Users\anish\.vscode\extensions\redhat.java-1.16.0-win32-x64\jre\17.0.6-win32-x86_64\bin\zip.dll
Event: 0.573 Loaded shared library C:\Users\anish\.vscode\extensions\redhat.java-1.16.0-win32-x64\jre\17.0.6-win32-x86_64\bin\jimage.dll
Event: 0.683 Loaded shared library c:\Users\anish\.vscode\extensions\redhat.java-1.16.0-win32-x64\jre\17.0.6-win32-x86_64\bin\verify.dll
Event: 6.730 Loaded shared library C:\Users\anish\AppData\Roaming\Code\User\globalStorage\redhat.java\1.16.0\config_win\org.eclipse.equinox.launcher\org.eclipse.equinox.launcher.win32.win32.x86_64_1.2.700.v20221108-1024\eclipse_11801.dll
Event: 10.974 Loaded shared library C:\Users\anish\AppData\Local\Temp\jna-92963121\jna7026340098575304115.dll
Event: 17.769 Loaded shared library C:\Users\anish\.gradle\native\e1d6ef7f7dcc3fd88c89a11ec53ec762bb8ba0a96d01ffa2cd45eb1d1d8dd5c5\windows-amd64\native-platform.dll
Event: 20.311 Loaded shared library C:\Users\anish\.vscode\extensions\redhat.java-1.16.0-win32-x64\jre\17.0.6-win32-x86_64\bin\management.dll
Event: 20.319 Loaded shared library C:\Users\anish\.vscode\extensions\redhat.java-1.16.0-win32-x64\jre\17.0.6-win32-x86_64\bin\management_ext.dll
Event: 31.729 Loaded shared library C:\Users\anish\.vscode\extensions\redhat.java-1.16.0-win32-x64\jre\17.0.6-win32-x86_64\bin\sunmscapi.dll

Deoptimization events (20 events):
Event: 44.771 Thread 0x0000023827fb9f80 Uncommon trap: trap_request=0xffffff45 fr.pc=0x000002381b783dac relative=0x000000000000010c
Event: 44.771 Thread 0x0000023827fb9f80 Uncommon trap: reason=unstable_if action=reinterpret pc=0x000002381b783dac method=com.esotericsoftware.kryo.io.Input.read([BII)I @ 64 c2
Event: 44.771 Thread 0x0000023827fb9f80 DEOPT PACKING pc=0x000002381b783dac sp=0x0000004cb61fd3b0
Event: 44.771 Thread 0x0000023827fb9f80 DEOPT UNPACKING pc=0x000002381b1b66a3 sp=0x0000004cb61fd2e8 mode 2
Event: 44.788 Thread 0x0000023827fb9f80 Uncommon trap: trap_request=0xffffff45 fr.pc=0x000002381b78cd84 relative=0x0000000000000344
Event: 44.788 Thread 0x0000023827fb9f80 Uncommon trap: reason=unstable_if action=reinterpret pc=0x000002381b78cd84 method=com.esotericsoftware.kryo.io.Input.read([BII)I @ 64 c2
Event: 44.788 Thread 0x0000023827fb9f80 DEOPT PACKING pc=0x000002381b78cd84 sp=0x0000004cb61fd140
Event: 44.788 Thread 0x0000023827fb9f80 DEOPT UNPACKING pc=0x000002381b1b66a3 sp=0x0000004cb61fcf90 mode 2
Event: 44.810 Thread 0x0000023827fb9f80 Uncommon trap: trap_request=0xffffff45 fr.pc=0x000002381b838d44 relative=0x00000000000008a4
Event: 44.810 Thread 0x0000023827fb9f80 Uncommon trap: reason=unstable_if action=reinterpret pc=0x000002381b838d44 method=java.io.ObjectInputStream$BlockDataInputStream.readUTFSpan(Ljava/lang/StringBuilder;J)J @ 35 c2
Event: 44.810 Thread 0x0000023827fb9f80 DEOPT PACKING pc=0x000002381b838d44 sp=0x0000004cb61fc770
Event: 44.810 Thread 0x0000023827fb9f80 DEOPT UNPACKING pc=0x000002381b1b66a3 sp=0x0000004cb61fc710 mode 2
Event: 44.815 Thread 0x0000023827fb9f80 Uncommon trap: trap_request=0xffffff45 fr.pc=0x000002381b7c7418 relative=0x0000000000000118
Event: 44.815 Thread 0x0000023827fb9f80 Uncommon trap: reason=unstable_if action=reinterpret pc=0x000002381b7c7418 method=com.esotericsoftware.kryo.io.Input.read([BII)I @ 64 c2
Event: 44.815 Thread 0x0000023827fb9f80 DEOPT PACKING pc=0x000002381b7c7418 sp=0x0000004cb61fd150
Event: 44.815 Thread 0x0000023827fb9f80 DEOPT UNPACKING pc=0x000002381b1b66a3 sp=0x0000004cb61fd100 mode 2
Event: 44.880 Thread 0x0000023827fb9f80 DEOPT PACKING pc=0x0000023813d2015e sp=0x0000004cb61fd3e0
Event: 44.880 Thread 0x0000023827fb9f80 DEOPT UNPACKING pc=0x000002381b1b6e43 sp=0x0000004cb61fc8a0 mode 0
Event: 44.923 Thread 0x0000023827fb9f80 DEOPT PACKING pc=0x00000238141a96de sp=0x0000004cb61fb460
Event: 44.923 Thread 0x0000023827fb9f80 DEOPT UNPACKING pc=0x000002381b1b6e43 sp=0x0000004cb61fa8d8 mode 0

Classes unloaded (7 events):
Event: 8.468 Thread 0x0000023811065c30 Unloading class 0x000000010021c400 'java/lang/invoke/LambdaForm$MH+0x000000010021c400'
Event: 8.468 Thread 0x0000023811065c30 Unloading class 0x000000010021c000 'java/lang/invoke/LambdaForm$MH+0x000000010021c000'
Event: 8.468 Thread 0x0000023811065c30 Unloading class 0x000000010021bc00 'java/lang/invoke/LambdaForm$MH+0x000000010021bc00'
Event: 8.468 Thread 0x0000023811065c30 Unloading class 0x000000010021b800 'java/lang/invoke/LambdaForm$MH+0x000000010021b800'
Event: 8.468 Thread 0x0000023811065c30 Unloading class 0x000000010021b000 'java/lang/invoke/LambdaForm$BMH+0x000000010021b000'
Event: 8.468 Thread 0x0000023811065c30 Unloading class 0x000000010021ac00 'java/lang/invoke/LambdaForm$DMH+0x000000010021ac00'
Event: 8.468 Thread 0x0000023811065c30 Unloading class 0x0000000100218000 'java/lang/invoke/LambdaForm$DMH+0x0000000100218000'

Classes redefined (0 events):
No events

Internal exceptions (20 events):
Event: 20.386 Thread 0x0000023827fb9f80 Exception <a 'java/lang/NoClassDefFoundError'{0x00000000eb4f0678}: org/slf4j/impl/StaticMarkerBinder> (0x00000000eb4f0678) 
thrown [s\src\hotspot\share\classfile\systemDictionary.cpp, line 245]
Event: 20.918 Thread 0x0000023827fba920 Implicit null exception at 0x000002381b906511 to 0x000002381b9068c8
Event: 20.961 Thread 0x0000023827fba920 Exception <a 'java/lang/NoSuchMethodError'{0x00000000eb1c19c0}: 'void java.lang.invoke.DirectMethodHandle$Holder.invokeStatic(java.lang.Object, long)'> (0x00000000eb1c19c0) 
thrown [s\src\hotspot\share\interpreter\linkResolver.cpp, line 759]
Event: 20.962 Thread 0x0000023827fba920 Exception <a 'java/lang/NoSuchMethodError'{0x00000000eb1c6d68}: 'java.lang.Object java.lang.invoke.DirectMethodHandle$Holder.newInvokeSpecial(java.lang.Object, long)'> (0x00000000eb1c6d68) 
thrown [s\src\hotspot\share\interpreter\linkResolver.cpp, line 759]
Event: 32.993 Thread 0x0000023827fb9f80 Exception <a 'java/lang/NoSuchMethodError'{0x00000000eae360c0}: static Lorg/gradle/internal/build/event/types/AbstractProgressEvent;.<clinit>()V> (0x00000000eae360c0) 
thrown [s\src\hotspot\share\prims\jni.cpp, line 1107]
Event: 32.995 Thread 0x0000023827fb9f80 Exception <a 'java/lang/NoSuchMethodError'{0x00000000eae49390}: static Lorg/gradle/internal/build/event/types/DefaultOperationStartedProgressEvent;.<clinit>()V> (0x00000000eae49390) 
thrown [s\src\hotspot\share\prims\jni.cpp, line 1107]
Event: 32.998 Thread 0x0000023827fb9f80 Exception <a 'java/lang/NoSuchMethodError'{0x00000000eae5e8b0}: static Lorg/gradle/internal/build/event/types/DefaultOperationDescriptor;.<clinit>()V> (0x00000000eae5e8b0) 
thrown [s\src\hotspot\share\prims\jni.cpp, line 1107]
Event: 33.000 Thread 0x0000023827fb9f80 Exception <a 'java/lang/NoSuchMethodError'{0x00000000eae6c818}: static Lorg/gradle/internal/operations/OperationIdentifier;.<clinit>()V> (0x00000000eae6c818) 
thrown [s\src\hotspot\share\prims\jni.cpp, line 1107]
Event: 34.967 Thread 0x0000023827fb9f80 Exception <a 'java/lang/NoSuchMethodError'{0x00000000eaf00118}: static Lorg/gradle/internal/build/event/types/DefaultOperationFinishedProgressEvent;.<clinit>()V> (0x00000000eaf00118) 
thrown [s\src\hotspot\share\prims\jni.cpp, line 1107]
Event: 34.970 Thread 0x0000023827fb9f80 Exception <a 'java/lang/NoSuchMethodError'{0x00000000eaf1aaa8}: static Lorg/gradle/internal/build/event/types/AbstractResult;.<clinit>()V> (0x00000000eaf1aaa8) 
thrown [s\src\hotspot\share\prims\jni.cpp, line 1107]
Event: 34.972 Thread 0x0000023827fb9f80 Exception <a 'java/lang/NoSuchMethodError'{0x00000000eaf27a38}: static Lorg/gradle/internal/build/event/types/AbstractOperationResult;.<clinit>()V> (0x00000000eaf27a38) 
thrown [s\src\hotspot\share\prims\jni.cpp, line 1107]
Event: 34.976 Thread 0x0000023827fb9f80 Exception <a 'java/lang/NoSuchMethodError'{0x00000000eaf352e0}: static Lorg/gradle/internal/build/event/types/DefaultSuccessResult;.<clinit>()V> (0x00000000eaf352e0) 
thrown [s\src\hotspot\share\prims\jni.cpp, line 1107]
Event: 42.397 Thread 0x0000023827fb9f80 Exception <a 'java/lang/NoSuchMethodError'{0x00000000eb0288a0}: static Lorg/gradle/internal/build/event/types/DefaultProjectConfigurationDescriptor;.<clinit>()V> (0x00000000eb0288a0) 
thrown [s\src\hotspot\share\prims\jni.cpp, line 1107]
Event: 44.803 Thread 0x0000023827fb9f80 Exception <a 'java/lang/NoSuchMethodError'{0x00000000eb1708d0}: static Lorg/gradle/internal/build/event/types/DefaultFailureResult;.<clinit>()V> (0x00000000eb1708d0) 
thrown [s\src\hotspot\share\prims\jni.cpp, line 1107]
Event: 44.810 Thread 0x0000023827fb9f80 Exception <a 'java/lang/NoSuchMethodError'{0x00000000eb19e0b0}: static Lorg/gradle/internal/build/event/types/DefaultFailure;.<clinit>()V> (0x00000000eb19e0b0) 
thrown [s\src\hotspot\share\prims\jni.cpp, line 1107]
Event: 44.908 Thread 0x0000023827fb9f80 Exception <a 'java/lang/NoSuchMethodError'{0x00000000eb215878}: static Lorg/gradle/internal/build/event/types/AbstractProjectConfigurationResult;.<clinit>()V> (0x00000000eb215878) 
thrown [s\src\hotspot\share\prims\jni.cpp, line 1107]
Event: 44.910 Thread 0x0000023827fb9f80 Exception <a 'java/lang/NoSuchMethodError'{0x00000000eb224ef0}: static Lorg/gradle/internal/build/event/types/DefaultProjectConfigurationFailureResult;.<clinit>()V> (0x00000000eb224ef0) 
thrown [s\src\hotspot\share\prims\jni.cpp, line 1107]
Event: 44.915 Thread 0x0000023827fb9f80 Exception <a 'java/lang/NoSuchMethodError'{0x00000000eb255f98}: static Lorg/gradle/internal/build/event/types/DefaultPluginApplicationResult;.<clinit>()V> (0x00000000eb255f98) 
thrown [s\src\hotspot\share\prims\jni.cpp, line 1107]
Event: 44.918 Thread 0x0000023827fb9f80 Exception <a 'java/lang/NoSuchMethodError'{0x00000000eb274d30}: static Lorg/gradle/internal/build/event/types/DefaultBinaryPluginIdentifier;.<clinit>()V> (0x00000000eb274d30) 
thrown [s\src\hotspot\share\prims\jni.cpp, line 1107]
Event: 44.923 Thread 0x0000023827fb9f80 Exception <a 'java/lang/NoSuchMethodError'{0x00000000eb29ddc8}: static Lorg/gradle/internal/build/event/types/DefaultScriptPluginIdentifier;.<clinit>()V> (0x00000000eb29ddc8) 
thrown [s\src\hotspot\share\prims\jni.cpp, line 1107]

VM Operations (20 events):
Event: 33.489 Executing VM operation: Cleanup
Event: 33.489 Executing VM operation: Cleanup done
Event: 35.495 Executing VM operation: Cleanup
Event: 35.496 Executing VM operation: Cleanup done
Event: 36.508 Executing VM operation: Cleanup
Event: 36.508 Executing VM operation: Cleanup done
Event: 37.509 Executing VM operation: Cleanup
Event: 37.509 Executing VM operation: Cleanup done
Event: 38.525 Executing VM operation: Cleanup
Event: 38.525 Executing VM operation: Cleanup done
Event: 39.539 Executing VM operation: Cleanup
Event: 39.539 Executing VM operation: Cleanup done
Event: 40.540 Executing VM operation: Cleanup
Event: 40.540 Executing VM operation: Cleanup done
Event: 41.540 Executing VM operation: Cleanup
Event: 41.540 Executing VM operation: Cleanup done
Event: 42.541 Executing VM operation: Cleanup
Event: 42.541 Executing VM operation: Cleanup done
Event: 43.542 Executing VM operation: Cleanup
Event: 43.543 Executing VM operation: Cleanup done

Events (20 events):
Event: 31.951 loading class java/lang/invoke/ConstantBootstraps done
Event: 31.966 loading class java/nio/channels/spi/AbstractSelector$1
Event: 31.966 loading class java/nio/channels/spi/AbstractSelector$1 done
Event: 32.009 Thread 0x000002382ccf5400 Thread added: 0x000002382ccf5400
Event: 32.009 Thread 0x000002382ccf5400 Thread exited: 0x000002382ccf5400
Event: 32.010 Thread 0x000002382ccf4590 Thread added: 0x000002382ccf4590
Event: 32.992 loading class java/io/ObjectStreamClass$1
Event: 32.992 loading class java/io/ObjectStreamClass$1 done
Event: 32.992 loading class java/io/ObjectStreamClass$MemberSignature
Event: 32.993 loading class java/io/ObjectStreamClass$MemberSignature done
Event: 32.993 loading class java/io/ObjectStreamClass$3
Event: 32.993 loading class java/io/ObjectStreamClass$3 done
Event: 32.993 loading class java/io/ObjectStreamClass$4
Event: 32.993 loading class java/io/ObjectStreamClass$4 done
Event: 32.993 loading class java/io/ObjectStreamClass$5
Event: 32.993 loading class java/io/ObjectStreamClass$5 done
Event: 44.805 loading class java/util/function/UnaryOperator
Event: 44.805 loading class java/util/function/UnaryOperator done
Event: 44.919 loading class java/time/Ser
Event: 44.919 loading class java/time/Ser done


Dynamic libraries:
0x00007ff6dc750000 - 0x00007ff6dc75e000 	c:\Users\anish\.vscode\extensions\redhat.java-1.16.0-win32-x64\jre\17.0.6-win32-x86_64\bin\java.exe
0x00007fffade90000 - 0x00007fffae0a4000 	C:\WINDOWS\SYSTEM32\ntdll.dll
0x00007fffac9b0000 - 0x00007fffaca73000 	C:\WINDOWS\System32\KERNEL32.DLL
0x00007fffab4b0000 - 0x00007fffab84c000 	C:\WINDOWS\System32\KERNELBASE.dll
0x00007fffab910000 - 0x00007fffaba21000 	C:\WINDOWS\System32\ucrtbase.dll
0x00007fff95630000 - 0x00007fff95649000 	c:\Users\anish\.vscode\extensions\redhat.java-1.16.0-win32-x64\jre\17.0.6-win32-x86_64\bin\VCRUNTIME140.dll
0x00007fffa4380000 - 0x00007fffa4397000 	c:\Users\anish\.vscode\extensions\redhat.java-1.16.0-win32-x64\jre\17.0.6-win32-x86_64\bin\jli.dll
0x00007fffad080000 - 0x00007fffad22d000 	C:\WINDOWS\System32\USER32.dll
0x00007fff95d70000 - 0x00007fff95ffe000 	C:\WINDOWS\WinSxS\amd64_microsoft.windows.common-controls_6595b64144ccf1df_6.0.22621.608_none_a9444ca7c10bb01d\COMCTL32.dll
0x00007fffabb50000 - 0x00007fffabb76000 	C:\WINDOWS\System32\win32u.dll
0x00007fffac870000 - 0x00007fffac917000 	C:\WINDOWS\System32\msvcrt.dll
0x00007fffabca0000 - 0x00007fffabcc9000 	C:\WINDOWS\System32\GDI32.dll
0x00007fffabb80000 - 0x00007fffabc93000 	C:\WINDOWS\System32\gdi32full.dll
0x00007fffabab0000 - 0x00007fffabb4a000 	C:\WINDOWS\System32\msvcp_win.dll
0x00007fffadc70000 - 0x00007fffadca1000 	C:\WINDOWS\System32\IMM32.DLL
0x00007fffa4370000 - 0x00007fffa437c000 	c:\Users\anish\.vscode\extensions\redhat.java-1.16.0-win32-x64\jre\17.0.6-win32-x86_64\bin\vcruntime140_1.dll
0x00007fff72140000 - 0x00007fff721d1000 	c:\Users\anish\.vscode\extensions\redhat.java-1.16.0-win32-x64\jre\17.0.6-win32-x86_64\bin\msvcp140.dll
0x00007fff5a1b0000 - 0x00007fff5adf7000 	c:\Users\anish\.vscode\extensions\redhat.java-1.16.0-win32-x64\jre\17.0.6-win32-x86_64\bin\server\jvm.dll
0x00007fffad490000 - 0x00007fffad53e000 	C:\WINDOWS\System32\ADVAPI32.dll
0x00007fffabcd0000 - 0x00007fffabd74000 	C:\WINDOWS\System32\sechost.dll
0x00007fffadb50000 - 0x00007fffadc65000 	C:\WINDOWS\System32\RPCRT4.dll
0x00007fffa5a30000 - 0x00007fffa5a39000 	C:\WINDOWS\SYSTEM32\WSOCK32.dll
0x00007fffa3f90000 - 0x00007fffa3fc4000 	C:\WINDOWS\SYSTEM32\WINMM.dll
0x00007fffabe30000 - 0x00007fffabea1000 	C:\WINDOWS\System32\WS2_32.dll
0x00007fffa3390000 - 0x00007fffa339a000 	C:\WINDOWS\SYSTEM32\VERSION.dll
0x00007fffaa320000 - 0x00007fffaa338000 	C:\WINDOWS\SYSTEM32\kernel.appcore.dll
0x00007fff954b0000 - 0x00007fff954ba000 	c:\Users\anish\.vscode\extensions\redhat.java-1.16.0-win32-x64\jre\17.0.6-win32-x86_64\bin\jimage.dll
0x00007fffa8de0000 - 0x00007fffa900e000 	C:\WINDOWS\SYSTEM32\DBGHELP.DLL
0x00007fffaca90000 - 0x00007ffface19000 	C:\WINDOWS\System32\combase.dll
0x00007fffad9c0000 - 0x00007fffada97000 	C:\WINDOWS\System32\OLEAUT32.dll
0x00007fff8c2d0000 - 0x00007fff8c302000 	C:\WINDOWS\SYSTEM32\dbgcore.DLL
0x00007fffaba30000 - 0x00007fffabaab000 	C:\WINDOWS\System32\bcryptPrimitives.dll
0x00007fff93c00000 - 0x00007fff93c0e000 	c:\Users\anish\.vscode\extensions\redhat.java-1.16.0-win32-x64\jre\17.0.6-win32-x86_64\bin\instrument.dll
0x00007fff92f90000 - 0x00007fff92fb5000 	c:\Users\anish\.vscode\extensions\redhat.java-1.16.0-win32-x64\jre\17.0.6-win32-x86_64\bin\java.dll
0x00007fff88e40000 - 0x00007fff88e58000 	c:\Users\anish\.vscode\extensions\redhat.java-1.16.0-win32-x64\jre\17.0.6-win32-x86_64\bin\zip.dll
0x00007fffabeb0000 - 0x00007fffac6a0000 	C:\WINDOWS\System32\SHELL32.dll
0x00007fffa92e0000 - 0x00007fffa9bae000 	C:\WINDOWS\SYSTEM32\windows.storage.dll
0x00007fffa91a0000 - 0x00007fffa92de000 	C:\WINDOWS\SYSTEM32\wintypes.dll
0x00007fffad330000 - 0x00007fffad421000 	C:\WINDOWS\System32\SHCORE.dll
0x00007fffad430000 - 0x00007fffad48e000 	C:\WINDOWS\System32\shlwapi.dll
0x00007fffab200000 - 0x00007fffab221000 	C:\WINDOWS\SYSTEM32\profapi.dll
0x00007fff7ed00000 - 0x00007fff7ed19000 	C:\Users\anish\.vscode\extensions\redhat.java-1.16.0-win32-x64\jre\17.0.6-win32-x86_64\bin\net.dll
0x00007fffa3570000 - 0x00007fffa369f000 	C:\WINDOWS\SYSTEM32\WINHTTP.dll
0x00007fffaa790000 - 0x00007fffaa7f9000 	C:\WINDOWS\system32\mswsock.dll
0x00007fff7eca0000 - 0x00007fff7ecb5000 	C:\Users\anish\.vscode\extensions\redhat.java-1.16.0-win32-x64\jre\17.0.6-win32-x86_64\bin\nio.dll
0x00007fff93820000 - 0x00007fff93830000 	c:\Users\anish\.vscode\extensions\redhat.java-1.16.0-win32-x64\jre\17.0.6-win32-x86_64\bin\verify.dll
0x00007fff7e340000 - 0x00007fff7e37e000 	C:\Users\anish\AppData\Roaming\Code\User\globalStorage\redhat.java\1.16.0\config_win\org.eclipse.equinox.launcher\org.eclipse.equinox.launcher.win32.win32.x86_64_1.2.700.v20221108-1024\eclipse_11801.dll
0x00007fffadcb0000 - 0x00007fffade4c000 	C:\WINDOWS\System32\ole32.dll
0x00007fffaa9f0000 - 0x00007fffaaa0b000 	C:\WINDOWS\SYSTEM32\CRYPTSP.dll
0x00007fffaa290000 - 0x00007fffaa2c5000 	C:\WINDOWS\system32\rsaenh.dll
0x00007fffaa890000 - 0x00007fffaa8b8000 	C:\WINDOWS\SYSTEM32\USERENV.dll
0x00007fffaab90000 - 0x00007fffaabb8000 	C:\WINDOWS\SYSTEM32\bcrypt.dll
0x00007fffaaa10000 - 0x00007fffaaa1c000 	C:\WINDOWS\SYSTEM32\CRYPTBASE.dll
0x00007fffa9e00000 - 0x00007fffa9e2d000 	C:\WINDOWS\SYSTEM32\IPHLPAPI.DLL
0x00007fffaca80000 - 0x00007fffaca89000 	C:\WINDOWS\System32\NSI.dll
0x00007fffa3490000 - 0x00007fffa34a9000 	C:\WINDOWS\SYSTEM32\dhcpcsvc6.DLL
0x00007fffa3370000 - 0x00007fffa338f000 	C:\WINDOWS\SYSTEM32\dhcpcsvc.DLL
0x00007fffa9e70000 - 0x00007fffa9f63000 	C:\WINDOWS\SYSTEM32\DNSAPI.dll
0x00007fff714e0000 - 0x00007fff71525000 	C:\Users\anish\AppData\Local\Temp\jna-92963121\jna7026340098575304115.dll
0x00007fffac6a0000 - 0x00007fffac6a8000 	C:\WINDOWS\System32\PSAPI.DLL
0x00007fff92950000 - 0x00007fff92977000 	C:\Users\anish\.gradle\native\e1d6ef7f7dcc3fd88c89a11ec53ec762bb8ba0a96d01ffa2cd45eb1d1d8dd5c5\windows-amd64\native-platform.dll
0x00007fff92f40000 - 0x00007fff92f49000 	C:\Users\anish\.vscode\extensions\redhat.java-1.16.0-win32-x64\jre\17.0.6-win32-x86_64\bin\management.dll
0x00007fff84e10000 - 0x00007fff84e1b000 	C:\Users\anish\.vscode\extensions\redhat.java-1.16.0-win32-x64\jre\17.0.6-win32-x86_64\bin\management_ext.dll
0x00007fff9a9d0000 - 0x00007fff9a9de000 	C:\Users\anish\.vscode\extensions\redhat.java-1.16.0-win32-x64\jre\17.0.6-win32-x86_64\bin\sunmscapi.dll
0x00007fffab340000 - 0x00007fffab4a6000 	C:\WINDOWS\System32\CRYPT32.dll
0x00007fffaab60000 - 0x00007fffaab8d000 	C:\WINDOWS\SYSTEM32\ncrypt.dll
0x00007fffaab20000 - 0x00007fffaab57000 	C:\WINDOWS\SYSTEM32\NTASN1.dll
0x00007fff80040000 - 0x00007fff80048000 	C:\WINDOWS\system32\wshunix.dll

dbghelp: loaded successfully - version: 4.0.5 - missing functions: none
symbol engine: initialized successfully - sym options: 0x614 - pdb path: .;c:\Users\anish\.vscode\extensions\redhat.java-1.16.0-win32-x64\jre\17.0.6-win32-x86_64\bin;C:\WINDOWS\SYSTEM32;C:\WINDOWS\WinSxS\amd64_microsoft.windows.common-controls_6595b64144ccf1df_6.0.22621.608_none_a9444ca7c10bb01d;c:\Users\anish\.vscode\extensions\redhat.java-1.16.0-win32-x64\jre\17.0.6-win32-x86_64\bin\server;C:\Users\anish\AppData\Roaming\Code\User\globalStorage\redhat.java\1.16.0\config_win\org.eclipse.equinox.launcher\org.eclipse.equinox.launcher.win32.win32.x86_64_1.2.700.v20221108-1024;C:\Users\anish\AppData\Local\Temp\jna-92963121;C:\Users\anish\.gradle\native\e1d6ef7f7dcc3fd88c89a11ec53ec762bb8ba0a96d01ffa2cd45eb1d1d8dd5c5\windows-amd64

VM Arguments:
jvm_args: --add-modules=ALL-SYSTEM --add-opens=java.base/java.util=ALL-UNNAMED --add-opens=java.base/java.lang=ALL-UNNAMED --add-opens=java.base/sun.nio.fs=ALL-UNNAMED -Declipse.application=org.eclipse.jdt.ls.core.id1 -Dosgi.bundles.defaultStartLevel=4 -Declipse.product=org.eclipse.jdt.ls.core.product -Djava.import.generatesMetadataFilesAtProjectRoot=false -Dfile.encoding=utf8 -XX:+UseParallelGC -XX:GCTimeRatio=4 -XX:AdaptiveSizePolicyWeight=90 -Dsun.zip.disableMemoryMapping=true -Xmx1G -Xms100m -Xlog:disable -javaagent:c:\Users\anish\.vscode\extensions\redhat.java-1.16.0-win32-x64\lombok\lombok-1.18.24.jar -XX:+HeapDumpOnOutOfMemoryError -XX:HeapDumpPath=c:\Users\anish\AppData\Roaming\Code\User\workspaceStorage\4ed09bacaff635c2679aac90816dd257\redhat.java 
java_command: c:\Users\anish\.vscode\extensions\redhat.java-1.16.0-win32-x64\server\plugins\org.eclipse.equinox.launcher_1.6.400.v20210924-0641.jar -configuration c:\Users\anish\AppData\Roaming\Code\User\globalStorage\redhat.java\1.16.0\config_win -data c:\Users\anish\AppData\Roaming\Code\User\workspaceStorage\4ed09bacaff635c2679aac90816dd257\redhat.java\jdt_ws
java_class_path (initial): c:\Users\anish\.vscode\extensions\redhat.java-1.16.0-win32-x64\server\plugins\org.eclipse.equinox.launcher_1.6.400.v20210924-0641.jar
Launcher Type: SUN_STANDARD

[Global flags]
    uintx AdaptiveSizePolicyWeight                 = 90                                        {product} {command line}
     intx CICompilerCount                          = 4                                         {product} {ergonomic}
    uintx GCTimeRatio                              = 4                                         {product} {command line}
     bool HeapDumpOnOutOfMemoryError               = true                                   {manageable} {command line}
    ccstr HeapDumpPath                             = c:\Users\anish\AppData\Roaming\Code\User\workspaceStorage\4ed09bacaff635c2679aac90816dd257\redhat.java         {manageable} {command line}
   size_t InitialHeapSize                          = 104857600                                 {product} {command line}
   size_t MaxHeapSize                              = 1073741824                                {product} {command line}
   size_t MaxNewSize                               = 357564416                                 {product} {ergonomic}
   size_t MinHeapDeltaBytes                        = 524288                                    {product} {ergonomic}
   size_t MinHeapSize                              = 104857600                                 {product} {command line}
   size_t NewSize                                  = 34603008                                  {product} {ergonomic}
    uintx NonNMethodCodeHeapSize                   = 5839372                                {pd product} {ergonomic}
    uintx NonProfiledCodeHeapSize                  = 122909434                              {pd product} {ergonomic}
   size_t OldSize                                  = 70254592                                  {product} {ergonomic}
    uintx ProfiledCodeHeapSize                     = 122909434                              {pd product} {ergonomic}
    uintx ReservedCodeCacheSize                    = 251658240                              {pd product} {ergonomic}
     bool SegmentedCodeCache                       = true                                      {product} {ergonomic}
   size_t SoftMaxHeapSize                          = 1073741824                             {manageable} {ergonomic}
     bool UseCompressedClassPointers               = true                           {product lp64_product} {ergonomic}
     bool UseCompressedOops                        = true                           {product lp64_product} {ergonomic}
     bool UseLargePagesIndividualAllocation        = false                                  {pd product} {ergonomic}
     bool UseParallelGC                            = true                                      {product} {command line}

Logging:
Log output configuration:
 #0: stdout all=off uptime,level,tags
 #1: stderr all=off uptime,level,tags

Environment Variables:
JAVA_HOME=C:\Program Files\Java\jdk-17.0.5
PATH=C:\Program Files\Python310\Scripts\;C:\Program Files\Python310\;C:\Program Files\Common Files\Oracle\Java\javapath;C:\Windows\system32;C:\Windows;C:\Windows\System32\Wbem;C:\Windows\System32\WindowsPowerShell\v1.0\;C:\Windows\System32\OpenSSH\;C:\Program Files (x86)\NVIDIA Corporation\PhysX\Common;C:\Program Files\NVIDIA Corporation\NVIDIA NvDLISR;C:\WINDOWS\system32;C:\WINDOWS;C:\WINDOWS\System32\Wbem;C:\WINDOWS\System32\WindowsPowerShell\v1.0\;C:\WINDOWS\System32\OpenSSH\;C:\Program Files\nodejs\;C:\ProgramData\chocolatey\bin;C:\Program Files\Git\cmd;C:\Program Files\MongoDB\Server\6.0\bin;C:\Program Files\Java\jdk-17.0.5\bin;C:\Program Files\Maven\apache-maven-3.8.6\bin;C:\Program Files\MySQL\MySQL Shell 8.0\bin\;C:\Users\anish\AppData\Local\Microsoft\WindowsApps;C:\Users\anish\AppData\Local\Programs\Microsoft VS Code\bin;C:\MinGW\mingw32\bin;C:\Program Files\JetBrains\PyCharm Community Edition 2021.3.1\bin;;C:\Users\anish\AppData\Roaming\npm;C:\Users\anish\AppData\Local\GitHubDesktop\bin;C:\Program Files (x86)\Nmap;C:\Program Files\Java\jdk-17.0.5\bin;D:\flutter;D:\flutter\bin;
USERNAME=anish
OS=Windows_NT
PROCESSOR_IDENTIFIER=AMD64 Family 23 Model 24 Stepping 1, AuthenticAMD
TMP=C:\Users\anish\AppData\Local\Temp
TEMP=C:\Users\anish\AppData\Local\Temp



---------------  S Y S T E M  ---------------

OS:
 Windows 11 , 64 bit Build 22621 (10.0.22621.1344)
OS uptime: 0 days 2:05 hours

CPU: total 8 (initial active 8) (8 cores per cpu, 2 threads per core) family 23 model 24 stepping 1 microcode 0x0, cx8, cmov, fxsr, ht, mmx, 3dnowpref, sse, sse2, sse3, ssse3, sse4a, sse4.1, sse4.2, popcnt, lzcnt, tsc, tscinvbit, avx, avx2, aes, clmul, bmi1, bmi2, adx, sha, fma, vzeroupper, clflush, clflushopt

Memory: 4k page, system-wide physical 7617M (622M free)
TotalPageFile size 31169M (AvailPageFile size 109M)
current process WorkingSet (physical memory assigned to process): 130M, peak: 188M
current process commit charge ("private bytes"): 283M, peak: 299M

vm_info: OpenJDK 64-Bit Server VM (17.0.6+10) for windows-amd64 JRE (17.0.6+10), built on Jan 18 2023 10:08:59 by "temurin" with MS VC++ 16.7 (VS2019)

END.
